[2025-02-23T18:39:48.315913+00:00] auth_system.INFO: Connexion à la base de données réussie [] []
[2025-02-23T18:39:53.087895+00:00] auth_system.INFO: Connexion à la base de données réussie [] []
[2025-02-23T18:40:08.860665+00:00] auth_system.INFO: Connexion à la base de données réussie [] []
[2025-02-23T18:40:08.861608+00:00] auth_system.INFO: Tentative d'inscription {"username":"Zainab","email":"zainasy6@gmail.com"} []
[2025-02-23T18:40:08.984855+00:00] auth_system.INFO: Inscription réussie {"username":"Zainab","email":"zainasy6@gmail.com"} []
[2025-02-23T18:40:15.316392+00:00] auth_system.INFO: Connexion à la base de données réussie [] []
[2025-02-23T18:40:15.378772+00:00] auth_system.INFO: Connexion réussie pour l'utilisateur: Zainab [] []
[2025-02-23T18:40:15.402558+00:00] auth_system.INFO: Connexion à la base de données réussie [] []
[2025-02-23T18:40:15.412286+00:00] auth_system.INFO: dashboard.php a été appelé - Méthode : GET [] []
[2025-02-23T18:40:15.412881+00:00] auth_system.DEBUG: Session actuelle : Array (     [user_id] => 1     [user] => Zainab     [email] => zainasy6@gmail.com )  [] []
[2025-02-23T18:40:15.414143+00:00] auth_system.INFO: Connexion à la base de données réussie [] []
[2025-02-23T18:40:15.419005+00:00] auth_system.INFO: Dashboard chargé pour l'utilisateur : Zainab {"unread_notifications":0,"unread_messages":0,"recent_activities_count":0} []
[2025-02-23T18:40:20.271416+00:00] auth_system.INFO: Connexion à la base de données réussie [] []
[2025-02-23T18:40:22.809905+00:00] auth_system.INFO: Connexion à la base de données réussie [] []
[2025-02-23T18:40:36.450790+00:00] auth_system.INFO: Connexion à la base de données réussie [] []
[2025-02-23T18:40:38.837213+00:00] auth_system.INFO: Connexion à la base de données réussie [] []
[2025-02-23T18:40:51.371947+00:00] auth_system.INFO: Connexion à la base de données réussie [] []
[2025-02-23T18:40:38.710280+00:00] auth_system.INFO: dashboard.php a été appelé - Méthode : GET [] []
[2025-02-23T18:40:38.711110+00:00] auth_system.DEBUG: Session actuelle : Array (     [user_id] => 1     [user] => ZainabSY     [email] => zainasy6@gmail.com )  [] []
[2025-02-23T18:40:38.712620+00:00] auth_system.INFO: Connexion à la base de données réussie [] []
[2025-02-23T18:40:38.715555+00:00] auth_system.INFO: Dashboard chargé pour l'utilisateur : ZainabSY {"unread_notifications":1,"unread_messages":0,"recent_activities_count":2} []
[2025-02-23T18:40:41.300845+00:00] auth_system.INFO: Connexion à la base de données réussie [] []
[2025-02-23T18:40:43.486782+00:00] auth_system.INFO: Connexion à la base de données réussie [] []
[2025-02-23T18:40:52.114026+00:00] auth_system.INFO: Connexion à la base de données réussie [] []
[2025-02-23T18:40:52.116747+00:00] auth_system.WARNING: Tentative de connexion échouée pour l'utilisateur: Zainab [] []
